Build started 16/10/2014 1:28:43.
     1>Project "B:\Uni\Gráficos\Práctica\PracticaGFX_1415\PracticaGFX_1415\PracticaGFX_1415.vcxproj" on node 2 (build target(s)).
     1>InitializeBuildStatus:
         Touching "Debug\PracticaGFX_1415.unsuccessfulbuild".
       ClCompile:
         C:\Program Files (x86)\Microsoft Visual Studio 10.0\VC\bin\CL.exe /c /I.\libraries\include /ZI /nologo /W3 /WX- /Od /Oy- /D WIN32 /D _DEBUG /D _CONSOLE /D _UNICODE /D UNICODE /Gm /EHsc /RTC1 /MDd /GS /fp:precise /Zc:wchar_t /Zc:forScope /Fo"Debug\\" /Fd"Debug\vc100.pdb" /Gd /TP /analyze- /errorReport:prompt main.cpp
         main.cpp
     1>b:\uni\gráficos\práctica\practicagfx_1415\practicagfx_1415\main.cpp(15): warning C4305: 'initializing' : truncation from 'double' to 'GLfloat'
     1>b:\uni\gráficos\práctica\practicagfx_1415\practicagfx_1415\main.cpp(16): warning C4305: 'initializing' : truncation from 'double' to 'GLfloat'
     1>b:\uni\gráficos\práctica\practicagfx_1415\practicagfx_1415\main.cpp(16): warning C4305: 'initializing' : truncation from 'double' to 'GLfloat'
     1>b:\uni\gráficos\práctica\practicagfx_1415\practicagfx_1415\main.cpp(17): warning C4305: 'initializing' : truncation from 'double' to 'GLfloat'
     1>b:\uni\gráficos\práctica\practicagfx_1415\practicagfx_1415\main.cpp(18): warning C4305: 'initializing' : truncation from 'double' to 'GLfloat'
     1>b:\uni\gráficos\práctica\practicagfx_1415\practicagfx_1415\main.cpp(47): warning C4996: 'strdup': The POSIX name for this item is deprecated. Instead, use the ISO C++ conformant name: _strdup. See online help for details.
                 c:\program files (x86)\microsoft visual studio 10.0\vc\include\string.h(238) : see declaration of 'strdup'
       ManifestResourceCompile:
         C:\Program Files (x86)\Microsoft SDKs\Windows\v7.0A\bin\rc.exe /nologo /fo"Debug\PracticaGFX_1415.exe.embed.manifest.res" Debug\PracticaGFX_1415_manifest.rc 
       Link:
         C:\Program Files (x86)\Microsoft Visual Studio 10.0\VC\bin\link.exe /ERRORREPORT:PROMPT /OUT:"B:\Uni\Gráficos\Práctica\PracticaGFX_1415\Debug\PracticaGFX_1415.exe" /INCREMENTAL /NOLOGO /LIBPATH:.\libraries\lib assimp.lib assimpD.lib freeglut.lib glew32.lib glew32s.lib kernel32.lib user32.lib gdi32.lib winspool.lib comdlg32.lib advapi32.lib shell32.lib ole32.lib oleaut32.lib uuid.lib odbc32.lib odbccp32.lib /MANIFEST /ManifestFile:"Debug\PracticaGFX_1415.exe.intermediate.manifest" /MANIFESTUAC:"level='asInvoker' uiAccess='false'" /DEBUG /PDB:"B:\Uni\Gráficos\Práctica\PracticaGFX_1415\Debug\PracticaGFX_1415.pdb" /SUBSYSTEM:CONSOLE /TLBID:1 /DYNAMICBASE /NXCOMPAT /IMPLIB:"B:\Uni\Gráficos\Práctica\PracticaGFX_1415\Debug\PracticaGFX_1415.lib" /MACHINE:X86 Debug\PracticaGFX_1415.exe.embed.manifest.res
         Debug\main.obj
       Manifest:
         C:\Program Files (x86)\Microsoft SDKs\Windows\v7.0A\bin\mt.exe /nologo /verbose /out:"Debug\PracticaGFX_1415.exe.embed.manifest" /manifest Debug\PracticaGFX_1415.exe.intermediate.manifest
         C:\Program Files (x86)\Microsoft SDKs\Windows\v7.0A\bin\rc.exe /nologo /fo"Debug\PracticaGFX_1415.exe.embed.manifest.res" Debug\PracticaGFX_1415_manifest.rc 
       LinkEmbedManifest:
         C:\Program Files (x86)\Microsoft Visual Studio 10.0\VC\bin\link.exe /ERRORREPORT:PROMPT /OUT:"B:\Uni\Gráficos\Práctica\PracticaGFX_1415\Debug\PracticaGFX_1415.exe" /INCREMENTAL /NOLOGO /LIBPATH:.\libraries\lib assimp.lib assimpD.lib freeglut.lib glew32.lib glew32s.lib kernel32.lib user32.lib gdi32.lib winspool.lib comdlg32.lib advapi32.lib shell32.lib ole32.lib oleaut32.lib uuid.lib odbc32.lib odbccp32.lib /MANIFEST /ManifestFile:"Debug\PracticaGFX_1415.exe.intermediate.manifest" /MANIFESTUAC:"level='asInvoker' uiAccess='false'" /DEBUG /PDB:"B:\Uni\Gráficos\Práctica\PracticaGFX_1415\Debug\PracticaGFX_1415.pdb" /SUBSYSTEM:CONSOLE /TLBID:1 /DYNAMICBASE /NXCOMPAT /IMPLIB:"B:\Uni\Gráficos\Práctica\PracticaGFX_1415\Debug\PracticaGFX_1415.lib" /MACHINE:X86 Debug\PracticaGFX_1415.exe.embed.manifest.res
         Debug\main.obj
         PracticaGFX_1415.vcxproj -> B:\Uni\Gráficos\Práctica\PracticaGFX_1415\Debug\PracticaGFX_1415.exe
       FinalizeBuildStatus:
         Deleting file "Debug\PracticaGFX_1415.unsuccessfulbuild".
         Touching "Debug\PracticaGFX_1415.lastbuildstate".
     1>Done Building Project "B:\Uni\Gráficos\Práctica\PracticaGFX_1415\PracticaGFX_1415\PracticaGFX_1415.vcxproj" (build target(s)).

Build succeeded.

Time Elapsed 00:00:01.15
